<?xml version="1.0" encoding="UTF-8"?>
<!-- Generated by org.testng.reporters.JUnitReportReporter -->
<testsuite hostname="MiaoXiang-PC" name="MemeSortScore.NewTest" tests="1" failures="0" timestamp="18 Jun 2015 05:38:13 GMT" time="0.026" errors="0">
  <testcase name="testMemeSort" time="0.026" classname="MemeSortScore.NewTest"/>
</testsuite> <!-- MemeSortScore.NewTest -->
